<?xml version="1.0" encoding="UTF-8"?>
<coverage generated="1641506307459" clover="3.2.0">
  <project timestamp="1641506307459" name="All files">
    <metrics statements="19" coveredstatements="19" conditionals="6" coveredconditionals="6" methods="4" coveredmethods="4" elements="29" coveredelements="29" complexity="0" loc="19" ncloc="19" packages="1" files="1" classes="1"/>
    <file name="stack.js" path="/Users/jayson.guk/Desktop/personal/project/TDD_for_JS/UNIT-BASIC/src/tdd/stack.js">
      <metrics statements="19" coveredstatements="19" conditionals="6" coveredconditionals="6" methods="4" coveredmethods="4"/>
      <line num="1" count="1" type="stmt"/>
      <line num="2" count="1" type="cond" truecount="1" falsecount="0"/>
      <line num="3" count="4" type="stmt"/>
      <line num="4" count="4" type="stmt"/>
      <line num="5" count="1" type="cond" truecount="1" falsecount="0"/>
      <line num="6" count="3" type="stmt"/>
      <line num="7" count="3" type="stmt"/>
      <line num="8" count="1" type="cond" truecount="1" falsecount="0"/>
      <line num="9" count="7" type="stmt"/>
      <line num="10" count="7" type="stmt"/>
      <line num="11" count="1" type="cond" truecount="1" falsecount="0"/>
      <line num="12" count="4" type="cond" truecount="1" falsecount="0"/>
      <line num="13" count="1" type="stmt"/>
      <line num="14" count="1" type="stmt"/>
      <line num="15" count="3" type="cond" truecount="1" falsecount="0"/>
      <line num="16" count="3" type="stmt"/>
      <line num="17" count="1" type="stmt"/>
      <line num="18" count="1" type="stmt"/>
      <line num="19" count="1" type="stmt"/>
    </file>
  </project>
</coverage>
